2018-07-16 12:46:42 -  - exec CUpdateClientPartner::__CollectRequestData
2018-07-16 12:46:42 -  - exec CUpdateClientPartner::GetHTTPPage
2018-07-16 12:46:58 -  - exec CUpdateClientPartner::ParseServerData
2018-07-16 12:46:58 -  - exec CUpdateClientPartner::GetUpdatesList
2018-07-16 12:46:58 -  - exec CUpdateClientPartner::__CollectRequestData
2018-07-16 12:46:58 -  - utf=Y&lang=ru&stable=Y&CANGZIP=Y&SUPD_DBS=MYSQL&XE=N&CLIENT_SITE=192.168.1.42&LICENSE_KEY=X&SUPD_STS=1&SUPD_URS=0&SUPD_URSA=1&TYPENC=D&CLIENT_PHPVER=7.1.19&NGINX=Y&dbv=5.7.22&instm=main%2C18.0.0%2CY%3Bbitrix.siteinfoportal%2C15.5.0%2CN%3Bclouds%2C17.0.2%2CN%3Bseo%2C18.0.0%2CN%3Bmessageservice%2C18.0.0%2CN%3Bmobileapp%2C17.5.1%2CN%3Bsearch%2C17.5.1%2CN%3Bform%2C17.0.1%2CN%3Bphotogallery%2C17.0.2%2CN%3Bvote%2C17.5.1%2CN%3Bscale%2C17.5.0%2CN%3Bsubscribe%2C17.5.0%2CN%3Biblock%2C17.6.3%2CN%3Brest%2C18.0.0%2CN%3Bb24connector%2C17.5.0%2CN%3Bsecurity%2C17.0.2%2CN%3Bbitrixcloud%2C17.5.0%2CN%3Bcompression%2C16.0.0%2CN%3Bfileman%2C17.5.12%2CN%3Bperfmon%2C17.0.1%2CN%3Blanding%2C18.3.0%2CN%3Bbitrix.sitepersonal%2C15.5.0%2CN%3Bbitrix.sitecorporate%2C15.5.0%2CN%3Bblog%2C17.6.1%2CN%3Bforum%2C17.5.5%2CN%3Btranslate%2C16.0.0%2CN%3Bui%2C17.6.0%2CN%3Bhighloadblock%2C17.5.0%2CN%3Bsocialservices%2C17.5.4%2CN&reqm=bitrix.siteinfoportal%2Cbitrix.sitepersonal%2Cbitrix.sitecorporate&fullmoduleinfo=Y&SUPD_SRS=RU&SUPD_CMP=N
2018-07-16 12:46:58 -  - exec CUpdateClientPartner::GetHTTPPage
2018-07-16 12:46:58 -  - TIME GetUpdatesList(request) 0.336 sec
2018-07-16 12:46:58 -  - exec CUpdateClientPartner::ParseServerData
2018-07-16 12:46:58 -  - exec CUpdateClientPartner::__CollectRequestData
2018-07-16 12:46:58 -  - exec CUpdateClientPartner::GetHTTPPage
2018-07-16 12:46:58 -  - exec CUpdateClientPartner::ParseServerData
2018-07-17 13:00:40 -  - exec CUpdateClientPartner::__CollectRequestData
2018-07-17 13:00:40 -  - exec CUpdateClientPartner::GetHTTPPage
2018-07-17 13:00:56 -  - exec CUpdateClientPartner::ParseServerData
2018-07-17 13:00:56 -  - exec CUpdateClientPartner::GetUpdatesList
2018-07-17 13:00:56 -  - exec CUpdateClientPartner::__CollectRequestData
2018-07-17 13:00:56 -  - utf=Y&lang=ru&stable=Y&CANGZIP=Y&SUPD_DBS=MYSQL&XE=N&CLIENT_SITE=192.168.1.42&LICENSE_KEY=X&SUPD_STS=1&SUPD_URS=0&SUPD_URSA=1&TYPENC=D&CLIENT_PHPVER=7.1.19&NGINX=Y&dbv=5.7.22&instm=main%2C18.0.0%2CY%3Bbitrix.siteinfoportal%2C15.5.0%2CN%3Bclouds%2C17.0.2%2CN%3Bseo%2C18.0.0%2CN%3Bmessageservice%2C18.0.0%2CN%3Bmobileapp%2C17.5.1%2CN%3Bsearch%2C17.5.1%2CN%3Bform%2C17.0.1%2CN%3Bphotogallery%2C17.0.2%2CN%3Bvote%2C17.5.1%2CN%3Bscale%2C17.5.0%2CN%3Bsubscribe%2C17.5.0%2CN%3Biblock%2C17.6.3%2CN%3Brest%2C18.0.0%2CN%3Bb24connector%2C17.5.0%2CN%3Bsecurity%2C17.0.2%2CN%3Bbitrixcloud%2C17.5.0%2CN%3Bcompression%2C16.0.0%2CN%3Bfileman%2C17.5.12%2CN%3Bperfmon%2C17.0.1%2CN%3Blanding%2C18.3.0%2CN%3Bbitrix.sitepersonal%2C15.5.0%2CN%3Bbitrix.sitecorporate%2C15.5.0%2CN%3Bblog%2C17.6.1%2CN%3Bforum%2C17.5.5%2CN%3Btranslate%2C16.0.0%2CN%3Bui%2C17.6.0%2CN%3Bhighloadblock%2C17.5.0%2CN%3Bsocialservices%2C17.5.4%2CN&reqm=bitrix.siteinfoportal%2Cbitrix.sitepersonal%2Cbitrix.sitecorporate&fullmoduleinfo=Y&SUPD_SRS=RU&SUPD_CMP=N
2018-07-17 13:00:56 -  - exec CUpdateClientPartner::GetHTTPPage
2018-07-17 13:00:56 -  - TIME GetUpdatesList(request) 0.448 sec
2018-07-17 13:00:56 -  - exec CUpdateClientPartner::ParseServerData
2018-07-17 13:00:56 -  - exec CUpdateClientPartner::__CollectRequestData
2018-07-17 13:00:56 -  - exec CUpdateClientPartner::GetHTTPPage
2018-07-17 13:00:56 -  - exec CUpdateClientPartner::ParseServerData
2018-07-19 14:05:46 -  - exec CUpdateClientPartner::__CollectRequestData
2018-07-19 14:05:46 -  - exec CUpdateClientPartner::GetHTTPPage
2018-07-19 14:06:01 -  - exec CUpdateClientPartner::ParseServerData
2018-07-19 14:06:01 -  - exec CUpdateClientPartner::GetUpdatesList
2018-07-19 14:06:01 -  - exec CUpdateClientPartner::__CollectRequestData
2018-07-19 14:06:01 -  - utf=Y&lang=ru&stable=Y&CANGZIP=Y&SUPD_DBS=MYSQL&XE=N&CLIENT_SITE=192.168.1.42&LICENSE_KEY=X&SUPD_STS=1&SUPD_URS=0&SUPD_URSA=1&TYPENC=D&CLIENT_PHPVER=7.1.19&NGINX=Y&dbv=5.7.22&instm=main%2C18.0.0%2CY%3Bbitrix.siteinfoportal%2C15.5.0%2CN%3Bclouds%2C17.0.2%2CN%3Bseo%2C18.0.0%2CN%3Bmessageservice%2C18.0.0%2CN%3Bmobileapp%2C17.5.1%2CN%3Bsearch%2C17.5.1%2CN%3Bform%2C17.0.1%2CN%3Bphotogallery%2C17.0.2%2CN%3Bvote%2C17.5.1%2CN%3Bscale%2C17.5.0%2CN%3Bsubscribe%2C17.5.0%2CN%3Biblock%2C17.6.3%2CN%3Brest%2C18.0.0%2CN%3Bb24connector%2C17.5.0%2CN%3Bsecurity%2C17.0.2%2CN%3Bbitrixcloud%2C17.5.0%2CN%3Bcompression%2C16.0.0%2CN%3Bfileman%2C17.5.12%2CN%3Bperfmon%2C17.0.1%2CN%3Blanding%2C18.3.0%2CN%3Bbitrix.sitepersonal%2C15.5.0%2CN%3Bbitrix.sitecorporate%2C15.5.0%2CN%3Bblog%2C17.6.1%2CN%3Bforum%2C17.5.5%2CN%3Btranslate%2C16.0.0%2CN%3Bui%2C17.6.0%2CN%3Bhighloadblock%2C17.5.0%2CN%3Bsocialservices%2C17.5.4%2CN&reqm=bitrix.siteinfoportal%2Cbitrix.sitepersonal%2Cbitrix.sitecorporate&fullmoduleinfo=Y&SUPD_SRS=RU&SUPD_CMP=N
2018-07-19 14:06:01 -  - exec CUpdateClientPartner::GetHTTPPage
2018-07-19 14:06:01 -  - TIME GetUpdatesList(request) 0.394 sec
2018-07-19 14:06:01 -  - exec CUpdateClientPartner::ParseServerData
2018-07-19 14:06:01 -  - exec CUpdateClientPartner::__CollectRequestData
2018-07-19 14:06:01 -  - exec CUpdateClientPartner::GetHTTPPage
2018-07-19 14:06:02 -  - exec CUpdateClientPartner::ParseServerData
2018-07-20 14:53:27 -  - exec CUpdateClientPartner::__CollectRequestData
2018-07-20 14:53:27 -  - exec CUpdateClientPartner::GetHTTPPage
2018-07-20 14:53:28 -  - exec CUpdateClientPartner::ParseServerData
2018-07-20 14:53:28 -  - exec CUpdateClientPartner::GetUpdatesList
2018-07-20 14:53:28 -  - exec CUpdateClientPartner::__CollectRequestData
2018-07-20 14:53:28 -  - utf=Y&lang=ru&stable=Y&CANGZIP=Y&SUPD_DBS=MYSQL&XE=N&CLIENT_SITE=192.168.1.42&LICENSE_KEY=X&SUPD_STS=2&SUPD_URS=0&SUPD_URSA=1&TYPENC=D&CLIENT_PHPVER=7.1.19&NGINX=Y&dbv=5.7.22&instm=main%2C18.0.0%2CY%3Bbitrix.siteinfoportal%2C15.5.0%2CN%3Bclouds%2C17.0.2%2CN%3Bseo%2C18.0.0%2CN%3Bmessageservice%2C18.0.0%2CN%3Bmobileapp%2C17.5.1%2CN%3Bsearch%2C17.5.1%2CN%3Bform%2C17.0.1%2CN%3Bphotogallery%2C17.0.2%2CN%3Bvote%2C17.5.1%2CN%3Bscale%2C17.5.0%2CN%3Bsubscribe%2C17.5.0%2CN%3Biblock%2C17.6.3%2CN%3Brest%2C18.0.0%2CN%3Bb24connector%2C17.5.0%2CN%3Bsecurity%2C17.0.2%2CN%3Bbitrixcloud%2C17.5.0%2CN%3Bcompression%2C16.0.0%2CN%3Bfileman%2C17.5.12%2CN%3Bperfmon%2C17.0.1%2CN%3Blanding%2C18.3.0%2CN%3Bbitrix.sitepersonal%2C15.5.0%2CN%3Bbitrix.sitecorporate%2C15.5.0%2CN%3Bblog%2C17.6.1%2CN%3Bforum%2C17.5.5%2CN%3Btranslate%2C16.0.0%2CN%3Bui%2C17.6.0%2CN%3Bhighloadblock%2C17.5.0%2CN%3Bsocialservices%2C17.5.4%2CN&reqm=bitrix.siteinfoportal%2Cbitrix.sitepersonal%2Cbitrix.sitecorporate&fullmoduleinfo=Y&SUPD_SRS=RU&SUPD_CMP=N
2018-07-20 14:53:28 -  - exec CUpdateClientPartner::GetHTTPPage
2018-07-20 14:53:28 -  - TIME GetUpdatesList(request) 0.341 sec
2018-07-20 14:53:28 -  - exec CUpdateClientPartner::ParseServerData
2018-07-20 14:53:28 -  - exec CUpdateClientPartner::__CollectRequestData
2018-07-20 14:53:28 -  - exec CUpdateClientPartner::GetHTTPPage
2018-07-20 14:53:28 -  - exec CUpdateClientPartner::ParseServerData
2018-07-21 16:44:04 -  - exec CUpdateClientPartner::__CollectRequestData
2018-07-21 16:44:04 -  - exec CUpdateClientPartner::GetHTTPPage
2018-07-21 16:44:04 -  - exec CUpdateClientPartner::ParseServerData
2018-07-21 16:44:04 -  - exec CUpdateClientPartner::GetUpdatesList
2018-07-21 16:44:04 -  - exec CUpdateClientPartner::__CollectRequestData
2018-07-21 16:44:04 -  - utf=Y&lang=ru&stable=Y&CANGZIP=Y&SUPD_DBS=MYSQL&XE=N&CLIENT_SITE=192.168.1.42&LICENSE_KEY=X&SUPD_STS=1&SUPD_URS=0&SUPD_URSA=1&TYPENC=D&CLIENT_PHPVER=7.1.19&NGINX=Y&dbv=5.7.22&instm=main%2C18.0.0%2CY%3Bbitrix.siteinfoportal%2C15.5.0%2CN%3Bclouds%2C17.0.2%2CN%3Bseo%2C18.0.0%2CN%3Bmessageservice%2C18.0.0%2CN%3Bmobileapp%2C17.5.1%2CN%3Bsearch%2C17.5.1%2CN%3Bform%2C17.0.1%2CN%3Bphotogallery%2C17.0.2%2CN%3Bvote%2C17.5.1%2CN%3Bscale%2C17.5.0%2CN%3Bsubscribe%2C17.5.0%2CN%3Biblock%2C17.6.3%2CN%3Brest%2C18.0.0%2CN%3Bb24connector%2C17.5.0%2CN%3Bsecurity%2C17.0.2%2CN%3Bbitrixcloud%2C17.5.0%2CN%3Bcompression%2C16.0.0%2CN%3Bfileman%2C17.5.12%2CN%3Bperfmon%2C17.0.1%2CN%3Blanding%2C18.3.0%2CN%3Bbitrix.sitepersonal%2C15.5.0%2CN%3Bbitrix.sitecorporate%2C15.5.0%2CN%3Bblog%2C17.6.1%2CN%3Bforum%2C17.5.5%2CN%3Btranslate%2C16.0.0%2CN%3Bui%2C17.6.0%2CN%3Bhighloadblock%2C17.5.0%2CN%3Bsocialservices%2C17.5.4%2CN&reqm=bitrix.siteinfoportal%2Cbitrix.sitepersonal%2Cbitrix.sitecorporate&fullmoduleinfo=Y&SUPD_SRS=RU&SUPD_CMP=N
2018-07-21 16:44:04 -  - exec CUpdateClientPartner::GetHTTPPage
2018-07-21 16:44:05 -  - TIME GetUpdatesList(request) 0.338 sec
2018-07-21 16:44:05 -  - exec CUpdateClientPartner::ParseServerData
2018-07-21 16:44:05 -  - exec CUpdateClientPartner::__CollectRequestData
2018-07-21 16:44:05 -  - exec CUpdateClientPartner::GetHTTPPage
2018-07-21 16:44:05 -  - exec CUpdateClientPartner::ParseServerData
2018-07-22 22:15:44 -  - exec CUpdateClientPartner::__CollectRequestData
2018-07-22 22:15:44 -  - exec CUpdateClientPartner::GetHTTPPage
2018-07-22 22:15:44 -  - exec CUpdateClientPartner::ParseServerData
2018-07-22 22:15:44 -  - exec CUpdateClientPartner::GetUpdatesList
2018-07-22 22:15:44 -  - exec CUpdateClientPartner::__CollectRequestData
2018-07-22 22:15:44 -  - utf=Y&lang=ru&stable=Y&CANGZIP=Y&SUPD_DBS=MYSQL&XE=N&CLIENT_SITE=192.168.1.42&LICENSE_KEY=X&SUPD_STS=1&SUPD_URS=0&SUPD_URSA=1&TYPENC=D&CLIENT_PHPVER=7.1.19&NGINX=Y&dbv=5.7.22&instm=main%2C18.0.0%2CY%3Bbitrix.siteinfoportal%2C15.5.0%2CN%3Bclouds%2C17.0.2%2CN%3Bseo%2C18.0.0%2CN%3Bmessageservice%2C18.0.0%2CN%3Bmobileapp%2C17.5.1%2CN%3Bsearch%2C17.5.1%2CN%3Bform%2C17.0.1%2CN%3Bphotogallery%2C17.0.2%2CN%3Bvote%2C17.5.1%2CN%3Bscale%2C17.5.0%2CN%3Bsubscribe%2C17.5.0%2CN%3Biblock%2C17.6.3%2CN%3Brest%2C18.0.0%2CN%3Bb24connector%2C17.5.0%2CN%3Bsecurity%2C17.0.2%2CN%3Bbitrixcloud%2C17.5.0%2CN%3Bcompression%2C16.0.0%2CN%3Bfileman%2C17.5.12%2CN%3Bperfmon%2C17.0.1%2CN%3Blanding%2C18.3.0%2CN%3Bbitrix.sitepersonal%2C15.5.0%2CN%3Bbitrix.sitecorporate%2C15.5.0%2CN%3Bblog%2C17.6.1%2CN%3Bforum%2C17.5.5%2CN%3Btranslate%2C16.0.0%2CN%3Bui%2C17.6.0%2CN%3Bhighloadblock%2C17.5.0%2CN%3Bsocialservices%2C17.5.4%2CN&reqm=bitrix.siteinfoportal%2Cbitrix.sitepersonal%2Cbitrix.sitecorporate&fullmoduleinfo=Y&SUPD_SRS=RU&SUPD_CMP=N
2018-07-22 22:15:44 -  - exec CUpdateClientPartner::GetHTTPPage
2018-07-22 22:15:45 -  - TIME GetUpdatesList(request) 0.335 sec
2018-07-22 22:15:45 -  - exec CUpdateClientPartner::ParseServerData
2018-07-22 22:15:45 -  - exec CUpdateClientPartner::__CollectRequestData
2018-07-22 22:15:45 -  - exec CUpdateClientPartner::GetHTTPPage
2018-07-22 22:15:45 -  - exec CUpdateClientPartner::ParseServerData
